-------------------------------------------------------------------------------
Test set: br.com.bifrost.eureka.server.EurekaServerApplicationTests
-------------------------------------------------------------------------------
Tests run: 1, Failures: 0, Errors: 1, Skipped: 0, Time elapsed: 0.228 s <<< FAILURE! - in br.com.bifrost.eureka.server.EurekaServerApplicationTests
br.com.bifrost.eureka.server.EurekaServerApplicationTests  Time elapsed: 0.227 s  <<< ERROR!
java.lang.IllegalStateException: Unable to find a @SpringBootConfiguration, you need to use @ContextConfiguration or @SpringBootTest(classes=...) with your test

